<?xml version="1.0" encoding="UTF-8"?>
<testsuite name="com.axelor.apps.tool.TestDateTool" tests="5" skipped="0" failures="0" errors="0" timestamp="2019-09-18T04:35:25" hostname="localhost.localdomain" time="0.012">
  <properties/>
  <testcase name="testGetNbDay" classname="com.axelor.apps.tool.TestDateTool" time="0.01"/>
  <testcase name="testNextOccurency" classname="com.axelor.apps.tool.TestDateTool" time="0.001"/>
  <testcase name="testLastOccurency" classname="com.axelor.apps.tool.TestDateTool" time="0.0"/>
  <testcase name="testIsProrata" classname="com.axelor.apps.tool.TestDateTool" time="0.0"/>
  <testcase name="testGetNbFullMonth" classname="com.axelor.apps.tool.TestDateTool" time="0.001"/>
  <system-out><![CDATA[10:05:25.110 [Test worker] DEBUG com.axelor.apps.tool.date.DateTool - Nombre de jour entre 2019-09-18 - 2019-09-18 (mois de 30 jours ? false) : 1
10:05:25.114 [Test worker] DEBUG com.axelor.apps.tool.date.DateTool - Nombre de jour entre 2011-09-01 - 2011-09-30 (mois de 30 jours ? false) : 30
10:05:25.114 [Test worker] DEBUG com.axelor.apps.tool.date.DateTool - Nombre de jour entre 2011-02-02 - 2011-02-27 (mois de 30 jours ? true) : 26
10:05:25.114 [Test worker] DEBUG com.axelor.apps.tool.date.DateTool - Nombre de jour entre 2011-02-02 - 2011-02-27 (mois de 30 jours ? false) : 26
10:05:25.114 [Test worker] DEBUG com.axelor.apps.tool.date.DateTool - Nombre de jour entre 2011-02-27 - 2011-02-02 (mois de 30 jours ? false) : -26
10:05:25.115 [Test worker] DEBUG com.axelor.apps.tool.date.DateTool - Nombre de jour entre 2011-02-27 - 2011-02-02 (mois de 30 jours ? true) : -26
10:05:25.115 [Test worker] DEBUG com.axelor.apps.tool.date.DateTool - Nombre de jour entre 2011-02-01 - 2011-02-28 (mois de 30 jours ? true) : 30
10:05:25.115 [Test worker] DEBUG com.axelor.apps.tool.date.DateTool - Nombre de jour entre 2011-07-30 - 2011-07-31 (mois de 30 jours ? true) : 1
10:05:25.115 [Test worker] DEBUG com.axelor.apps.tool.date.DateTool - Nombre de jour entre 2011-07-12 - 2011-09-05 (mois de 30 jours ? true) : 54
10:05:25.115 [Test worker] DEBUG com.axelor.apps.tool.date.DateTool - Nombre de jour entre 2011-07-15 - 2011-08-14 (mois de 30 jours ? true) : 30
10:05:25.115 [Test worker] DEBUG com.axelor.apps.tool.date.DateTool - Nombre de jour entre 2011-07-01 - 2011-07-31 (mois de 30 jours ? true) : 30
10:05:25.116 [Test worker] DEBUG com.axelor.apps.tool.date.DateTool - Nombre de jour entre 2012-02-29 - 2012-03-30 (mois de 30 jours ? true) : 31
10:05:25.116 [Test worker] DEBUG com.axelor.apps.tool.date.DateTool - Nombre de jour entre 2011-02-28 - 2011-03-30 (mois de 30 jours ? true) : 31
10:05:25.116 [Test worker] DEBUG com.axelor.apps.tool.date.DateTool - Nombre de jour entre 2012-02-28 - 2012-03-30 (mois de 30 jours ? true) : 33
10:05:25.116 [Test worker] DEBUG com.axelor.apps.tool.date.DateTool - Nombre de jour entre 2011-12-31 - 2012-06-30 (mois de 30 jours ? true) : 181
10:05:25.116 [Test worker] DEBUG com.axelor.apps.tool.date.DateTool - Nombre de jour entre 2011-12-09 - 2011-10-02 (mois de 30 jours ? true) : -68
]]></system-out>
  <system-err><![CDATA[]]></system-err>
</testsuite>
