<?xml version="1.0" encoding="UTF-8"?>
<testsuite name="com.axelor.apps.tool.templating.STSampleTest" tests="1" skipped="0" failures="0" errors="0" timestamp="2019-09-14T08:17:43" hostname="localhost.localdomain" time="0.612">
  <properties/>
  <testcase name="test" classname="com.axelor.apps.tool.templating.STSampleTest" time="0.612"/>
  <system-out><![CDATA[]]></system-out>
  <system-err><![CDATA[]]></system-err>
</testsuite>
