<?xml version="1.0" encoding="UTF-8"?>
<testsuite name="com.axelor.apps.tool.templating.STTest" tests="3" skipped="0" failures="0" errors="0" timestamp="2019-09-14T13:03:36" hostname="localhost.localdomain" time="15.804">
  <properties/>
  <testcase name="test1" classname="com.axelor.apps.tool.templating.STTest" time="0.121"/>
  <testcase name="test2" classname="com.axelor.apps.tool.templating.STTest" time="2.382"/>
  <testcase name="test3" classname="com.axelor.apps.tool.templating.STTest" time="13.301"/>
  <system-out><![CDATA[]]></system-out>
  <system-err><![CDATA[]]></system-err>
</testsuite>
