<?xml version="1.0" encoding="UTF-8"?>
<testsuite name="com.axelor.apps.tool.file.TestFileTool" tests="2" skipped="0" failures="0" errors="0" timestamp="2019-09-14T05:46:11" hostname="localhost.localdomain" time="0.003">
  <properties/>
  <testcase name="create" classname="com.axelor.apps.tool.file.TestFileTool" time="0.001"/>
  <testcase name="create2" classname="com.axelor.apps.tool.file.TestFileTool" time="0.001"/>
  <system-out><![CDATA[]]></system-out>
  <system-err><![CDATA[]]></system-err>
</testsuite>
