<?xml version="1.0" encoding="UTF-8"?>
<testsuite name="com.axelor.apps.tool.templating.STTest" tests="3" skipped="0" failures="0" errors="0" timestamp="2019-09-14T05:45:55" hostname="localhost.localdomain" time="15.743">
  <properties/>
  <testcase name="test1" classname="com.axelor.apps.tool.templating.STTest" time="0.135"/>
  <testcase name="test2" classname="com.axelor.apps.tool.templating.STTest" time="2.828"/>
  <testcase name="test3" classname="com.axelor.apps.tool.templating.STTest" time="12.78"/>
  <system-out><![CDATA[]]></system-out>
  <system-err><![CDATA[]]></system-err>
</testsuite>
