<?xml version="1.0" encoding="UTF-8"?>
<testsuite name="com.axelor.apps.tool.templating.STSampleTest" tests="1" skipped="0" failures="0" errors="0" timestamp="2019-09-16T06:29:21" hostname="localhost.localdomain" time="0.485">
  <properties/>
  <testcase name="test" classname="com.axelor.apps.tool.templating.STSampleTest" time="0.485"/>
  <system-out><![CDATA[]]></system-out>
  <system-err><![CDATA[]]></system-err>
</testsuite>
