<?xml version="1.0" encoding="UTF-8"?>
<testsuite name="com.axelor.apps.tool.InvokationTest" tests="1" skipped="0" failures="0" errors="0" timestamp="2019-09-14T08:17:58" hostname="localhost.localdomain" time="0.804">
  <properties/>
  <testcase name="test" classname="com.axelor.apps.tool.InvokationTest" time="0.804"/>
  <system-out><![CDATA[]]></system-out>
  <system-err><![CDATA[]]></system-err>
</testsuite>
